# JRE version: OpenJDK Runtime Environment (11.0.7+10) (build 11.0.7+10-post-Ubuntu-2ubuntu218.04)
# Java VM: OpenJDK 64-Bit Server VM (11.0.7+10-post-Ubuntu-2ubuntu218.04, mixed mode, sharing, tiered, compressed oops, serial gc, linux-amd64)
Heap:
 def new generation   total 26816K, used 0K [0x0000000080000000, 0x0000000081d10000, 0x00000000aaaa0000)
  eden space 23872K,   0% used [0x0000000080000000, 0x0000000080000000, 0x0000000081750000)
  from space 2944K,   0% used [0x0000000081750000, 0x0000000081750000, 0x0000000081a30000)
  to   space 2944K,   0% used [0x0000000081a30000, 0x0000000081a30000, 0x0000000081d10000)
 tenured generation   total 59352K, used 35610K [0x00000000aaaa0000, 0x00000000ae496000, 0x0000000100000000)
   the space 59352K,  59% used [0x00000000aaaa0000, 0x00000000acd668f8, 0x00000000acd66a00, 0x00000000ae496000)
 Metaspace       used 42592K, capacity 43718K, committed 44032K, reserved 1087488K
  class space    used 4865K, capacity 5275K, committed 5376K, reserved 1048576K
GC Heap History (20 events):
Event: 26.054 GC heap before
{Heap before GC invocations=34 (full 1):
 def new generation   total 11456K, used 11456K [0x0000000080000000, 0x0000000080c60000, 0x00000000aaaa0000)
  eden space 10240K, 100% used [0x0000000080000000, 0x0000000080a00000, 0x0000000080a00000)
  from space 1216K, 100% used [0x0000000080b30000, 0x0000000080c60000, 0x0000000080c60000)
  to   space 1216K,   0% used [0x0000000080a00000, 0x0000000080a00000, 0x0000000080b30000)
 tenured generation   total 25304K, used 21810K [0x00000000aaaa0000, 0x00000000ac356000, 0x0000000100000000)
   the space 25304K,  86% used [0x00000000aaaa0000, 0x00000000abfecb88, 0x00000000abfecc00, 0x00000000ac356000)
 Metaspace       used 31417K, capacity 32182K, committed 32512K, reserved 1077248K
  class space    used 3585K, capacity 3826K, committed 3840K, reserved 1048576K
}
Event: 26.066 GC heap after
{Heap after GC invocations=35 (full 1):
 def new generation   total 11456K, used 1215K [0x0000000080000000, 0x0000000080c60000, 0x00000000aaaa0000)
  eden space 10240K,   0% used [0x0000000080000000, 0x0000000080000000, 0x0000000080a00000)
  from space 1216K,  99% used [0x0000000080a00000, 0x0000000080b2fff8, 0x0000000080b30000)
  to   space 1216K,   0% used [0x0000000080b30000, 0x0000000080b30000, 0x0000000080c60000)
 tenured generation   total 25304K, used 24394K [0x00000000aaaa0000, 0x00000000ac356000, 0x0000000100000000)
   the space 25304K,  96% used [0x00000000aaaa0000, 0x00000000ac272a78, 0x00000000ac272c00, 0x00000000ac356000)
 Metaspace       used 31417K, capacity 32182K, committed 32512K, reserved 1077248K
  class space    used 3585K, capacity 3826K, committed 3840K, reserved 1048576K
}
Event: 26.272 GC heap before
{Heap before GC invocations=35 (full 1):
 def new generation   total 11456K, used 11455K [0x0000000080000000, 0x0000000080c60000, 0x00000000aaaa0000)
  eden space 10240K, 100% used [0x0000000080000000, 0x0000000080a00000, 0x0000000080a00000)
  from space 1216K,  99% used [0x0000000080a00000, 0x0000000080b2fff8, 0x0000000080b30000)
  to   space 1216K,   0% used [0x0000000080b30000, 0x0000000080b30000, 0x0000000080c60000)
 tenured generation   total 25304K, used 24394K [0x00000000aaaa0000, 0x00000000ac356000, 0x0000000100000000)
   the space 25304K,  96% used [0x00000000aaaa0000, 0x00000000ac272a78, 0x00000000ac272c00, 0x00000000ac356000)
 Metaspace       used 31421K, capacity 32182K, committed 32512K, reserved 1077248K
  class space    used 3585K, capacity 3826K, committed 3840K, reserved 1048576K
}
Event: 26.418 GC heap after
{Heap after GC invocations=36 (full 2):
 def new generation   total 20288K, used 1071K [0x0000000080000000, 0x0000000081600000, 0x00000000aaaa0000)
  eden space 18048K,   5% used [0x0000000080000000, 0x000000008010bc48, 0x00000000811a0000)
  from space 2240K,   0% used [0x00000000811a0000, 0x00000000811a0000, 0x00000000813d0000)
  to   space 2240K,   0% used [0x00000000813d0000, 0x00000000813d0000, 0x0000000081600000)
 tenured generation   total 45028K, used 27014K [0x00000000aaaa0000, 0x00000000ad699000, 0x0000000100000000)
   the space 45028K,  59% used [0x00000000aaaa0000, 0x00000000ac501a98, 0x00000000ac501c00, 0x00000000ad699000)
 Metaspace       used 31421K, capacity 32182K, committed 32512K, reserved 1077248K
  class space    used 3585K, capacity 3826K, committed 3840K, reserved 1048576K
}
Event: 26.522 GC heap before
{Heap before GC invocations=36 (full 2):
 def new generation   total 20288K, used 18048K [0x0000000080000000, 0x0000000081600000, 0x00000000aaaa0000)
  eden space 18048K, 100% used [0x0000000080000000, 0x00000000811a0000, 0x00000000811a0000)
  from space 2240K,   0% used [0x00000000811a0000, 0x00000000811a0000, 0x00000000813d0000)
  to   space 2240K,   0% used [0x00000000813d0000, 0x00000000813d0000, 0x0000000081600000)
 tenured generation   total 45028K, used 27014K [0x00000000aaaa0000, 0x00000000ad699000, 0x0000000100000000)
   the space 45028K,  59% used [0x00000000aaaa0000, 0x00000000ac501a98, 0x00000000ac501c00, 0x00000000ad699000)
 Metaspace       used 31429K, capacity 32182K, committed 32512K, reserved 1077248K
  class space    used 3585K, capacity 3826K, committed 3840K, reserved 1048576K
}
Event: 26.558 GC heap after
{Heap after GC invocations=37 (full 2):
 def new generation   total 20288K, used 1619K [0x0000000080000000, 0x0000000081600000, 0x00000000aaaa0000)
  eden space 18048K,   0% used [0x0000000080000000, 0x0000000080000000, 0x00000000811a0000)
  from space 2240K,  72% used [0x00000000813d0000, 0x0000000081564ca0, 0x0000000081600000)
  to   space 2240K,   0% used [0x00000000811a0000, 0x00000000811a0000, 0x00000000813d0000)
 tenured generation   total 45028K, used 27014K [0x00000000aaaa0000, 0x00000000ad699000, 0x0000000100000000)
   the space 45028K,  59% used [0x00000000aaaa0000, 0x00000000ac501a98, 0x00000000ac501c00, 0x00000000ad699000)
 Metaspace       used 31429K, capacity 32182K, committed 32512K, reserved 1077248K
  class space    used 3585K, capacity 3826K, committed 3840K, reserved 1048576K
}
Event: 27.221 GC heap before
{Heap before GC invocations=37 (full 2):
 def new generation   total 20288K, used 19667K [0x0000000080000000, 0x0000000081600000, 0x00000000aaaa0000)
  eden space 18048K, 100% used [0x0000000080000000, 0x00000000811a0000, 0x00000000811a0000)
  from space 2240K,  72% used [0x00000000813d0000, 0x0000000081564ca0, 0x0000000081600000)
  to   space 2240K,   0% used [0x00000000811a0000, 0x00000000811a0000, 0x00000000813d0000)
 tenured generation   total 45028K, used 27014K [0x00000000aaaa0000, 0x00000000ad699000, 0x0000000100000000)
   the space 45028K,  59% used [0x00000000aaaa0000, 0x00000000ac501a98, 0x00000000ac501c00, 0x00000000ad699000)
 Metaspace       used 31785K, capacity 32538K, committed 32896K, reserved 1079296K
  class space    used 3627K, capacity 3880K, committed 3968K, reserved 1048576K
}
Event: 27.240 GC heap after
{Heap after GC invocations=38 (full 2):
 def new generation   total 20288K, used 2240K [0x0000000080000000, 0x0000000081600000, 0x00000000aaaa0000)
  eden space 18048K,   0% used [0x0000000080000000, 0x0000000080000000, 0x00000000811a0000)
  from space 2240K, 100% used [0x00000000811a0000, 0x00000000813d0000, 0x00000000813d0000)
  to   space 2240K,   0% used [0x00000000813d0000, 0x00000000813d0000, 0x0000000081600000)
 tenured generation   total 45028K, used 29519K [0x00000000aaaa0000, 0x00000000ad699000, 0x0000000100000000)
   the space 45028K,  65% used [0x00000000aaaa0000, 0x00000000ac773cf8, 0x00000000ac773e00, 0x00000000ad699000)
 Metaspace       used 31785K, capacity 32538K, committed 32896K, reserved 1079296K
  class space    used 3627K, capacity 3880K, committed 3968K, reserved 1048576K
}
Event: 29.542 GC heap before
{Heap before GC invocations=38 (full 2):
 def new generation   total 20288K, used 20288K [0x0000000080000000, 0x0000000081600000, 0x00000000aaaa0000)
  eden space 18048K, 100% used [0x0000000080000000, 0x00000000811a0000, 0x00000000811a0000)
  from space 2240K, 100% used [0x00000000811a0000, 0x00000000813d0000, 0x00000000813d0000)
  to   space 2240K,   0% used [0x00000000813d0000, 0x00000000813d0000, 0x0000000081600000)
 tenured generation   total 45028K, used 29519K [0x00000000aaaa0000, 0x00000000ad699000, 0x0000000100000000)
   the space 45028K,  65% used [0x00000000aaaa0000, 0x00000000ac773cf8, 0x00000000ac773e00, 0x00000000ad699000)
 Metaspace       used 33131K, capacity 33973K, committed 34304K, reserved 1079296K
  class space    used 3758K, capacity 4014K, committed 4096K, reserved 1048576K
}
Event: 29.581 GC heap after
{Heap after GC invocations=39 (full 2):
 def new generation   total 20288K, used 2239K [0x0000000080000000, 0x0000000081600000, 0x00000000aaaa0000)
  eden space 18048K,   0% used [0x0000000080000000, 0x0000000080000000, 0x00000000811a0000)
  from space 2240K,  99% used [0x00000000813d0000, 0x00000000815ffff8, 0x0000000081600000)
  to   space 2240K,   0% used [0x00000000811a0000, 0x00000000811a0000, 0x00000000813d0000)
 tenured generation   total 45028K, used 33180K [0x00000000aaaa0000, 0x00000000ad699000, 0x0000000100000000)
   the space 45028K,  73% used [0x00000000aaaa0000, 0x00000000acb073b8, 0x00000000acb07400, 0x00000000ad699000)
 Metaspace       used 33131K, capacity 33973K, committed 34304K, reserved 1079296K
  class space    used 3758K, capacity 4014K, committed 4096K, reserved 1048576K
}
Event: 31.077 GC heap before
{Heap before GC invocations=39 (full 2):
 def new generation   total 20288K, used 20241K [0x0000000080000000, 0x0000000081600000, 0x00000000aaaa0000)
  eden space 18048K,  99% used [0x0000000080000000, 0x00000000811945f0, 0x00000000811a0000)
  from space 2240K,  99% used [0x00000000813d0000, 0x00000000815ffff8, 0x0000000081600000)
  to   space 2240K,   0% used [0x00000000811a0000, 0x00000000811a0000, 0x00000000813d0000)
 tenured generation   total 45028K, used 33180K [0x00000000aaaa0000, 0x00000000ad699000, 0x0000000100000000)
   the space 45028K,  73% used [0x00000000aaaa0000, 0x00000000acb073b8, 0x00000000acb07400, 0x00000000ad699000)
 Metaspace       used 33471K, capacity 34354K, committed 34560K, reserved 1079296K
  class space    used 3790K, capacity 4058K, committed 4096K, reserved 1048576K
}
Event: 31.112 GC heap after
{Heap after GC invocations=40 (full 2):
 def new generation   total 20288K, used 2240K [0x0000000080000000, 0x0000000081600000, 0x00000000aaaa0000)
  eden space 18048K,   0% used [0x0000000080000000, 0x0000000080000000, 0x00000000811a0000)
  from space 2240K, 100% used [0x00000000811a0000, 0x00000000813d0000, 0x00000000813d0000)
  to   space 2240K,   0% used [0x00000000813d0000, 0x00000000813d0000, 0x0000000081600000)
 tenured generation   total 45028K, used 35869K [0x00000000aaaa0000, 0x00000000ad699000, 0x0000000100000000)
   the space 45028K,  79% used [0x00000000aaaa0000, 0x00000000acda74c0, 0x00000000acda7600, 0x00000000ad699000)
 Metaspace       used 33471K, capacity 34354K, committed 34560K, reserved 1079296K
  class space    used 3790K, capacity 4058K, committed 4096K, reserved 1048576K
}
Event: 35.560 GC heap before
{Heap before GC invocations=40 (full 2):
 def new generation   total 20288K, used 20288K [0x0000000080000000, 0x0000000081600000, 0x00000000aaaa0000)
  eden space 18048K, 100% used [0x0000000080000000, 0x00000000811a0000, 0x00000000811a0000)
  from space 2240K, 100% used [0x00000000811a0000, 0x00000000813d0000, 0x00000000813d0000)
  to   space 2240K,   0% used [0x00000000813d0000, 0x00000000813d0000, 0x0000000081600000)
 tenured generation   total 45028K, used 35869K [0x00000000aaaa0000, 0x00000000ad699000, 0x0000000100000000)
   the space 45028K,  79% used [0x00000000aaaa0000, 0x00000000acda74c0, 0x00000000acda7600, 0x00000000ad699000)
 Metaspace       used 36977K, capacity 37994K, committed 38144K, reserved 1083392K
  class space    used 4207K, capacity 4536K, committed 4608K, reserved 1048576K
}
Event: 35.591 GC heap after
{Heap after GC invocations=41 (full 2):
 def new generation   total 20288K, used 1818K [0x0000000080000000, 0x0000000081600000, 0x00000000aaaa0000)
  eden space 18048K,   0% used [0x0000000080000000, 0x0000000080000000, 0x00000000811a0000)
  from space 2240K,  81% used [0x00000000813d0000, 0x0000000081596968, 0x0000000081600000)
  to   space 2240K,   0% used [0x00000000811a0000, 0x00000000811a0000, 0x00000000813d0000)
 tenured generation   total 45028K, used 38107K [0x00000000aaaa0000, 0x00000000ad699000, 0x0000000100000000)
   the space 45028K,  84% used [0x00000000aaaa0000, 0x00000000acfd6f88, 0x00000000acfd7000, 0x00000000ad699000)
 Metaspace       used 36977K, capacity 37994K, committed 38144K, reserved 1083392K
  class space    used 4207K, capacity 4536K, committed 4608K, reserved 1048576K
}
Event: 38.842 GC heap before
{Heap before GC invocations=41 (full 2):
 def new generation   total 20288K, used 19866K [0x0000000080000000, 0x0000000081600000, 0x00000000aaaa0000)
  eden space 18048K, 100% used [0x0000000080000000, 0x00000000811a0000, 0x00000000811a0000)
  from space 2240K,  81% used [0x00000000813d0000, 0x0000000081596968, 0x0000000081600000)
  to   space 2240K,   0% used [0x00000000811a0000, 0x00000000811a0000, 0x00000000813d0000)
 tenured generation   total 45028K, used 38107K [0x00000000aaaa0000, 0x00000000ad699000, 0x0000000100000000)
   the space 45028K,  84% used [0x00000000aaaa0000, 0x00000000acfd6f88, 0x00000000acfd7000, 0x00000000ad699000)
 Metaspace       used 38410K, capacity 39428K, committed 39680K, reserved 1083392K
  class space    used 4402K, capacity 4739K, committed 4864K, reserved 1048576K
}
Event: 38.863 GC heap after
{Heap after GC invocations=42 (full 2):
 def new generation   total 20288K, used 294K [0x0000000080000000, 0x0000000081600000, 0x00000000aaaa0000)
  eden space 18048K,   0% used [0x0000000080000000, 0x0000000080000000, 0x00000000811a0000)
  from space 2240K,  13% used [0x00000000811a0000, 0x00000000811e9960, 0x00000000813d0000)
  to   space 2240K,   0% used [0x00000000813d0000, 0x00000000813d0000, 0x0000000081600000)
 tenured generation   total 45028K, used 39851K [0x00000000aaaa0000, 0x00000000ad699000, 0x0000000100000000)
   the space 45028K,  88% used [0x00000000aaaa0000, 0x00000000ad18af60, 0x00000000ad18b000, 0x00000000ad699000)
 Metaspace       used 38410K, capacity 39428K, committed 39680K, reserved 1083392K
  class space    used 4402K, capacity 4739K, committed 4864K, reserved 1048576K
}
Event: 49.972 GC heap before
{Heap before GC invocations=42 (full 2):
 def new generation   total 20288K, used 18342K [0x0000000080000000, 0x0000000081600000, 0x00000000aaaa0000)
  eden space 18048K, 100% used [0x0000000080000000, 0x00000000811a0000, 0x00000000811a0000)
  from space 2240K,  13% used [0x00000000811a0000, 0x00000000811e9960, 0x00000000813d0000)
  to   space 2240K,   0% used [0x00000000813d0000, 0x00000000813d0000, 0x0000000081600000)
 tenured generation   total 45028K, used 39851K [0x00000000aaaa0000, 0x00000000ad699000, 0x0000000100000000)
   the space 45028K,  88% used [0x00000000aaaa0000, 0x00000000ad18af60, 0x00000000ad18b000, 0x00000000ad699000)
 Metaspace       used 41488K, capacity 42613K, committed 42880K, reserved 1087488K
  class space    used 4756K, capacity 5142K, committed 5248K, reserved 1048576K
}
Event: 49.995 GC heap after
{Heap after GC invocations=43 (full 2):
 def new generation   total 20288K, used 1575K [0x0000000080000000, 0x0000000081600000, 0x00000000aaaa0000)
  eden space 18048K,   0% used [0x0000000080000000, 0x0000000080000000, 0x00000000811a0000)
  from space 2240K,  70% used [0x00000000813d0000, 0x0000000081559d38, 0x0000000081600000)
  to   space 2240K,   0% used [0x00000000811a0000, 0x00000000811a0000, 0x00000000813d0000)
 tenured generation   total 45028K, used 39851K [0x00000000aaaa0000, 0x00000000ad699000, 0x0000000100000000)
   the space 45028K,  88% used [0x00000000aaaa0000, 0x00000000ad18af60, 0x00000000ad18b000, 0x00000000ad699000)
 Metaspace       used 41488K, capacity 42613K, committed 42880K, reserved 1087488K
  class space    used 4756K, capacity 5142K, committed 5248K, reserved 1048576K
}
Event: 60.082 GC heap before
{Heap before GC invocations=43 (full 2):
 def new generation   total 20288K, used 17942K [0x0000000080000000, 0x0000000081600000, 0x00000000aaaa0000)
  eden space 18048K,  90% used [0x0000000080000000, 0x0000000080ffbd90, 0x00000000811a0000)
  from space 2240K,  70% used [0x00000000813d0000, 0x0000000081559d38, 0x0000000081600000)
  to   space 2240K,   0% used [0x00000000811a0000, 0x00000000811a0000, 0x00000000813d0000)
 tenured generation   total 45028K, used 39851K [0x00000000aaaa0000, 0x00000000ad699000, 0x0000000100000000)
   the space 45028K,  88% used [0x00000000aaaa0000, 0x00000000ad18af60, 0x00000000ad18b000, 0x00000000ad699000)
 Metaspace       used 42592K, capacity 43718K, committed 44032K, reserved 1087488K
  class space    used 4865K, capacity 5275K, committed 5376K, reserved 1048576K
}
Event: 60.535 GC heap after
{Heap after GC invocations=44 (full 3):
 def new generation   total 26816K, used 0K [0x0000000080000000, 0x0000000081d10000, 0x00000000aaaa0000)
  eden space 23872K,   0% used [0x0000000080000000, 0x0000000080000000, 0x0000000081750000)
  from space 2944K,   0% used [0x0000000081750000, 0x0000000081750000, 0x0000000081a30000)
  to   space 2944K,   0% used [0x0000000081a30000, 0x0000000081a30000, 0x0000000081d10000)
 tenured generation   total 59352K, used 35610K [0x00000000aaaa0000, 0x00000000ae496000, 0x0000000100000000)
   the space 59352K,  59% used [0x00000000aaaa0000, 0x00000000acd668f8, 0x00000000acd66a00, 0x00000000ae496000)
 Metaspace       used 42592K, capacity 43718K, committed 44032K, reserved 1087488K
  class space    used 4865K, capacity 5275K, committed 5376K, reserved 1048576K
}

