# JRE version: OpenJDK Runtime Environment (11.0.7+10) (build 11.0.7+10-post-Ubuntu-2ubuntu218.04)
# Java VM: OpenJDK 64-Bit Server VM (11.0.7+10-post-Ubuntu-2ubuntu218.04, mixed mode, sharing, tiered, compressed oops, serial gc, linux-amd64)
Heap:
 def new generation   total 24192K, used 0K [0x00000000e1200000, 0x00000000e2c40000, 0x00000000eb6a0000)
  eden space 21504K,   0% used [0x00000000e1200000, 0x00000000e1200000, 0x00000000e2700000)
  from space 2688K,   0% used [0x00000000e2700000, 0x00000000e2700000, 0x00000000e29a0000)
  to   space 2688K,   0% used [0x00000000e29a0000, 0x00000000e29a0000, 0x00000000e2c40000)
 tenured generation   total 53616K, used 32167K [0x00000000eb6a0000, 0x00000000eeafc000, 0x0000000100000000)
   the space 53616K,  59% used [0x00000000eb6a0000, 0x00000000ed609df0, 0x00000000ed609e00, 0x00000000eeafc000)
 Metaspace       used 34486K, capacity 35538K, committed 35840K, reserved 1081344K
  class space    used 3903K, capacity 4285K, committed 4352K, reserved 1048576K
GC Heap History (20 events):
Event: 21.132 GC heap before
{Heap before GC invocations=34 (full 1):
 def new generation   total 11968K, used 11949K [0x00000000e1200000, 0x00000000e1ef0000, 0x00000000eb6a0000)
  eden space 10688K,  99% used [0x00000000e1200000, 0x00000000e1c6b4e8, 0x00000000e1c70000)
  from space 1280K, 100% used [0x00000000e1c70000, 0x00000000e1db0000, 0x00000000e1db0000)
  to   space 1280K,   0% used [0x00000000e1db0000, 0x00000000e1db0000, 0x00000000e1ef0000)
 tenured generation   total 26448K, used 22420K [0x00000000eb6a0000, 0x00000000ed074000, 0x0000000100000000)
   the space 26448K,  84% used [0x00000000eb6a0000, 0x00000000ecc85338, 0x00000000ecc85400, 0x00000000ed074000)
 Metaspace       used 23155K, capacity 23786K, committed 24064K, reserved 1071104K
  class space    used 2598K, capacity 2805K, committed 2816K, reserved 1048576K
}
Event: 21.140 GC heap after
{Heap after GC invocations=35 (full 1):
 def new generation   total 11968K, used 1280K [0x00000000e1200000, 0x00000000e1ef0000, 0x00000000eb6a0000)
  eden space 10688K,   0% used [0x00000000e1200000, 0x00000000e1200000, 0x00000000e1c70000)
  from space 1280K, 100% used [0x00000000e1db0000, 0x00000000e1ef0000, 0x00000000e1ef0000)
  to   space 1280K,   0% used [0x00000000e1c70000, 0x00000000e1c70000, 0x00000000e1db0000)
 tenured generation   total 26448K, used 23930K [0x00000000eb6a0000, 0x00000000ed074000, 0x0000000100000000)
   the space 26448K,  90% used [0x00000000eb6a0000, 0x00000000ecdfe8a0, 0x00000000ecdfea00, 0x00000000ed074000)
 Metaspace       used 23155K, capacity 23786K, committed 24064K, reserved 1071104K
  class space    used 2598K, capacity 2805K, committed 2816K, reserved 1048576K
}
Event: 21.148 GC heap before
{Heap before GC invocations=35 (full 1):
 def new generation   total 11968K, used 11962K [0x00000000e1200000, 0x00000000e1ef0000, 0x00000000eb6a0000)
  eden space 10688K,  99% used [0x00000000e1200000, 0x00000000e1c6e820, 0x00000000e1c70000)
  from space 1280K, 100% used [0x00000000e1db0000, 0x00000000e1ef0000, 0x00000000e1ef0000)
  to   space 1280K,   0% used [0x00000000e1c70000, 0x00000000e1c70000, 0x00000000e1db0000)
 tenured generation   total 26448K, used 23930K [0x00000000eb6a0000, 0x00000000ed074000, 0x0000000100000000)
   the space 26448K,  90% used [0x00000000eb6a0000, 0x00000000ecdfe8a0, 0x00000000ecdfea00, 0x00000000ed074000)
 Metaspace       used 23155K, capacity 23786K, committed 24064K, reserved 1071104K
  class space    used 2598K, capacity 2805K, committed 2816K, reserved 1048576K
}
Event: 21.150 GC heap after
{Heap after GC invocations=36 (full 1):
 def new generation   total 11968K, used 44K [0x00000000e1200000, 0x00000000e1ef0000, 0x00000000eb6a0000)
  eden space 10688K,   0% used [0x00000000e1200000, 0x00000000e1200000, 0x00000000e1c70000)
  from space 1280K,   3% used [0x00000000e1c70000, 0x00000000e1c7b330, 0x00000000e1db0000)
  to   space 1280K,   0% used [0x00000000e1db0000, 0x00000000e1db0000, 0x00000000e1ef0000)
 tenured generation   total 26448K, used 25187K [0x00000000eb6a0000, 0x00000000ed074000, 0x0000000100000000)
   the space 26448K,  95% used [0x00000000eb6a0000, 0x00000000ecf38c88, 0x00000000ecf38e00, 0x00000000ed074000)
 Metaspace       used 23155K, capacity 23786K, committed 24064K, reserved 1071104K
  class space    used 2598K, capacity 2805K, committed 2816K, reserved 1048576K
}
Event: 21.371 GC heap before
{Heap before GC invocations=36 (full 1):
 def new generation   total 11968K, used 10732K [0x00000000e1200000, 0x00000000e1ef0000, 0x00000000eb6a0000)
  eden space 10688K, 100% used [0x00000000e1200000, 0x00000000e1c70000, 0x00000000e1c70000)
  from space 1280K,   3% used [0x00000000e1c70000, 0x00000000e1c7b330, 0x00000000e1db0000)
  to   space 1280K,   0% used [0x00000000e1db0000, 0x00000000e1db0000, 0x00000000e1ef0000)
 tenured generation   total 26448K, used 25187K [0x00000000eb6a0000, 0x00000000ed074000, 0x0000000100000000)
   the space 26448K,  95% used [0x00000000eb6a0000, 0x00000000ecf38c88, 0x00000000ecf38e00, 0x00000000ed074000)
 Metaspace       used 23328K, capacity 23994K, committed 24192K, reserved 1071104K
  class space    used 2624K, capacity 2854K, committed 2944K, reserved 1048576K
}
Event: 21.384 GC heap after
{Heap after GC invocations=37 (full 1):
 def new generation   total 11968K, used 1280K [0x00000000e1200000, 0x00000000e1ef0000, 0x00000000eb6a0000)
  eden space 10688K,   0% used [0x00000000e1200000, 0x00000000e1200000, 0x00000000e1c70000)
  from space 1280K, 100% used [0x00000000e1db0000, 0x00000000e1ef0000, 0x00000000e1ef0000)
  to   space 1280K,   0% used [0x00000000e1c70000, 0x00000000e1c70000, 0x00000000e1db0000)
 tenured generation   total 26448K, used 25985K [0x00000000eb6a0000, 0x00000000ed074000, 0x0000000100000000)
   the space 26448K,  98% used [0x00000000eb6a0000, 0x00000000ed0007a8, 0x00000000ed000800, 0x00000000ed074000)
 Metaspace       used 23328K, capacity 23994K, committed 24192K, reserved 1071104K
  class space    used 2624K, capacity 2854K, committed 2944K, reserved 1048576K
}
Event: 21.714 GC heap before
{Heap before GC invocations=37 (full 1):
 def new generation   total 11968K, used 11968K [0x00000000e1200000, 0x00000000e1ef0000, 0x00000000eb6a0000)
  eden space 10688K, 100% used [0x00000000e1200000, 0x00000000e1c70000, 0x00000000e1c70000)
  from space 1280K, 100% used [0x00000000e1db0000, 0x00000000e1ef0000, 0x00000000e1ef0000)
  to   space 1280K,   0% used [0x00000000e1c70000, 0x00000000e1c70000, 0x00000000e1db0000)
 tenured generation   total 26448K, used 25985K [0x00000000eb6a0000, 0x00000000ed074000, 0x0000000100000000)
   the space 26448K,  98% used [0x00000000eb6a0000, 0x00000000ed0007a8, 0x00000000ed000800, 0x00000000ed074000)
 Metaspace       used 23554K, capacity 24240K, committed 24448K, reserved 1071104K
  class space    used 2642K, capacity 2892K, committed 2944K, reserved 1048576K
}
Event: 21.842 GC heap after
{Heap after GC invocations=38 (full 2):
 def new generation   total 20608K, used 1214K [0x00000000e1200000, 0x00000000e2850000, 0x00000000eb6a0000)
  eden space 18368K,   6% used [0x00000000e1200000, 0x00000000e132fa88, 0x00000000e23f0000)
  from space 2240K,   0% used [0x00000000e23f0000, 0x00000000e23f0000, 0x00000000e2620000)
  to   space 2240K,   0% used [0x00000000e2620000, 0x00000000e2620000, 0x00000000e2850000)
 tenured generation   total 45648K, used 27388K [0x00000000eb6a0000, 0x00000000ee334000, 0x0000000100000000)
   the space 45648K,  59% used [0x00000000eb6a0000, 0x00000000ed15f068, 0x00000000ed15f200, 0x00000000ee334000)
 Metaspace       used 23554K, capacity 24240K, committed 24448K, reserved 1071104K
  class space    used 2642K, capacity 2892K, committed 2944K, reserved 1048576K
}
Event: 23.439 GC heap before
{Heap before GC invocations=38 (full 2):
 def new generation   total 20608K, used 18368K [0x00000000e1200000, 0x00000000e2850000, 0x00000000eb6a0000)
  eden space 18368K, 100% used [0x00000000e1200000, 0x00000000e23f0000, 0x00000000e23f0000)
  from space 2240K,   0% used [0x00000000e23f0000, 0x00000000e23f0000, 0x00000000e2620000)
  to   space 2240K,   0% used [0x00000000e2620000, 0x00000000e2620000, 0x00000000e2850000)
 tenured generation   total 45648K, used 27388K [0x00000000eb6a0000, 0x00000000ee334000, 0x0000000100000000)
   the space 45648K,  59% used [0x00000000eb6a0000, 0x00000000ed15f068, 0x00000000ed15f200, 0x00000000ee334000)
 Metaspace       used 24912K, capacity 25611K, committed 25856K, reserved 1073152K
  class space    used 2774K, capacity 3026K, committed 3072K, reserved 1048576K
}
Event: 23.563 GC heap after
{Heap after GC invocations=39 (full 2):
 def new generation   total 20608K, used 2239K [0x00000000e1200000, 0x00000000e2850000, 0x00000000eb6a0000)
  eden space 18368K,   0% used [0x00000000e1200000, 0x00000000e1200000, 0x00000000e23f0000)
  from space 2240K,  99% used [0x00000000e2620000, 0x00000000e284fff8, 0x00000000e2850000)
  to   space 2240K,   0% used [0x00000000e23f0000, 0x00000000e23f0000, 0x00000000e2620000)
 tenured generation   total 45648K, used 29742K [0x00000000eb6a0000, 0x00000000ee334000, 0x0000000100000000)
   the space 45648K,  65% used [0x00000000eb6a0000, 0x00000000ed3ab978, 0x00000000ed3aba00, 0x00000000ee334000)
 Metaspace       used 24912K, capacity 25611K, committed 25856K, reserved 1073152K
  class space    used 2774K, capacity 3026K, committed 3072K, reserved 1048576K
}
Event: 24.940 GC heap before
{Heap before GC invocations=39 (full 2):
 def new generation   total 20608K, used 20607K [0x00000000e1200000, 0x00000000e2850000, 0x00000000eb6a0000)
  eden space 18368K, 100% used [0x00000000e1200000, 0x00000000e23f0000, 0x00000000e23f0000)
  from space 2240K,  99% used [0x00000000e2620000, 0x00000000e284fff8, 0x00000000e2850000)
  to   space 2240K,   0% used [0x00000000e23f0000, 0x00000000e23f0000, 0x00000000e2620000)
 tenured generation   total 45648K, used 29742K [0x00000000eb6a0000, 0x00000000ee334000, 0x0000000100000000)
   the space 45648K,  65% used [0x00000000eb6a0000, 0x00000000ed3ab978, 0x00000000ed3aba00, 0x00000000ee334000)
 Metaspace       used 25247K, capacity 25981K, committed 26112K, reserved 1073152K
  class space    used 2808K, capacity 3068K, committed 3072K, reserved 1048576K
}
Event: 24.964 GC heap after
{Heap after GC invocations=40 (full 2):
 def new generation   total 20608K, used 2220K [0x00000000e1200000, 0x00000000e2850000, 0x00000000eb6a0000)
  eden space 18368K,   0% used [0x00000000e1200000, 0x00000000e1200000, 0x00000000e23f0000)
  from space 2240K,  99% used [0x00000000e23f0000, 0x00000000e261b060, 0x00000000e2620000)
  to   space 2240K,   0% used [0x00000000e2620000, 0x00000000e2620000, 0x00000000e2850000)
 tenured generation   total 45648K, used 31953K [0x00000000eb6a0000, 0x00000000ee334000, 0x0000000100000000)
   the space 45648K,  70% used [0x00000000eb6a0000, 0x00000000ed5d4718, 0x00000000ed5d4800, 0x00000000ee334000)
 Metaspace       used 25247K, capacity 25981K, committed 26112K, reserved 1073152K
  class space    used 2808K, capacity 3068K, committed 3072K, reserved 1048576K
}
Event: 26.855 GC heap before
{Heap before GC invocations=40 (full 2):
 def new generation   total 20608K, used 20588K [0x00000000e1200000, 0x00000000e2850000, 0x00000000eb6a0000)
  eden space 18368K, 100% used [0x00000000e1200000, 0x00000000e23f0000, 0x00000000e23f0000)
  from space 2240K,  99% used [0x00000000e23f0000, 0x00000000e261b060, 0x00000000e2620000)
  to   space 2240K,   0% used [0x00000000e2620000, 0x00000000e2620000, 0x00000000e2850000)
 tenured generation   total 45648K, used 31953K [0x00000000eb6a0000, 0x00000000ee334000, 0x0000000100000000)
   the space 45648K,  70% used [0x00000000eb6a0000, 0x00000000ed5d4718, 0x00000000ed5d4800, 0x00000000ee334000)
 Metaspace       used 28746K, capacity 29642K, committed 29952K, reserved 1075200K
  class space    used 3217K, capacity 3529K, committed 3584K, reserved 1048576K
}
Event: 26.882 GC heap after
{Heap after GC invocations=41 (full 2):
 def new generation   total 20608K, used 2240K [0x00000000e1200000, 0x00000000e2850000, 0x00000000eb6a0000)
  eden space 18368K,   0% used [0x00000000e1200000, 0x00000000e1200000, 0x00000000e23f0000)
  from space 2240K, 100% used [0x00000000e2620000, 0x00000000e2850000, 0x00000000e2850000)
  to   space 2240K,   0% used [0x00000000e23f0000, 0x00000000e23f0000, 0x00000000e2620000)
 tenured generation   total 45648K, used 34195K [0x00000000eb6a0000, 0x00000000ee334000, 0x0000000100000000)
   the space 45648K,  74% used [0x00000000eb6a0000, 0x00000000ed804e70, 0x00000000ed805000, 0x00000000ee334000)
 Metaspace       used 28746K, capacity 29642K, committed 29952K, reserved 1075200K
  class space    used 3217K, capacity 3529K, committed 3584K, reserved 1048576K
}
Event: 27.793 GC heap before
{Heap before GC invocations=41 (full 2):
 def new generation   total 20608K, used 20608K [0x00000000e1200000, 0x00000000e2850000, 0x00000000eb6a0000)
  eden space 18368K, 100% used [0x00000000e1200000, 0x00000000e23f0000, 0x00000000e23f0000)
  from space 2240K, 100% used [0x00000000e2620000, 0x00000000e2850000, 0x00000000e2850000)
  to   space 2240K,   0% used [0x00000000e23f0000, 0x00000000e23f0000, 0x00000000e2620000)
 tenured generation   total 45648K, used 34195K [0x00000000eb6a0000, 0x00000000ee334000, 0x0000000100000000)
   the space 45648K,  74% used [0x00000000eb6a0000, 0x00000000ed804e70, 0x00000000ed805000, 0x00000000ee334000)
 Metaspace       used 30274K, capacity 31184K, committed 31488K, reserved 1077248K
  class space    used 3431K, capacity 3749K, committed 3840K, reserved 1048576K
}
Event: 27.801 GC heap after
{Heap after GC invocations=42 (full 2):
 def new generation   total 20608K, used 365K [0x00000000e1200000, 0x00000000e2850000, 0x00000000eb6a0000)
  eden space 18368K,   0% used [0x00000000e1200000, 0x00000000e1200000, 0x00000000e23f0000)
  from space 2240K,  16% used [0x00000000e23f0000, 0x00000000e244b560, 0x00000000e2620000)
  to   space 2240K,   0% used [0x00000000e2620000, 0x00000000e2620000, 0x00000000e2850000)
 tenured generation   total 45648K, used 36360K [0x00000000eb6a0000, 0x00000000ee334000, 0x0000000100000000)
   the space 45648K,  79% used [0x00000000eb6a0000, 0x00000000eda223e0, 0x00000000eda22400, 0x00000000ee334000)
 Metaspace       used 30274K, capacity 31184K, committed 31488K, reserved 1077248K
  class space    used 3431K, capacity 3749K, committed 3840K, reserved 1048576K
}
Event: 30.377 GC heap before
{Heap before GC invocations=42 (full 2):
 def new generation   total 20608K, used 18733K [0x00000000e1200000, 0x00000000e2850000, 0x00000000eb6a0000)
  eden space 18368K, 100% used [0x00000000e1200000, 0x00000000e23f0000, 0x00000000e23f0000)
  from space 2240K,  16% used [0x00000000e23f0000, 0x00000000e244b560, 0x00000000e2620000)
  to   space 2240K,   0% used [0x00000000e2620000, 0x00000000e2620000, 0x00000000e2850000)
 tenured generation   total 45648K, used 36360K [0x00000000eb6a0000, 0x00000000ee334000, 0x0000000100000000)
   the space 45648K,  79% used [0x00000000eb6a0000, 0x00000000eda223e0, 0x00000000eda22400, 0x00000000ee334000)
 Metaspace       used 33410K, capacity 34465K, committed 34688K, reserved 1079296K
  class space    used 3795K, capacity 4184K, committed 4224K, reserved 1048576K
}
Event: 30.381 GC heap after
{Heap after GC invocations=43 (full 2):
 def new generation   total 20608K, used 1636K [0x00000000e1200000, 0x00000000e2850000, 0x00000000eb6a0000)
  eden space 18368K,   0% used [0x00000000e1200000, 0x00000000e1200000, 0x00000000e23f0000)
  from space 2240K,  73% used [0x00000000e2620000, 0x00000000e27b9010, 0x00000000e2850000)
  to   space 2240K,   0% used [0x00000000e23f0000, 0x00000000e23f0000, 0x00000000e2620000)
 tenured generation   total 45648K, used 36360K [0x00000000eb6a0000, 0x00000000ee334000, 0x0000000100000000)
   the space 45648K,  79% used [0x00000000eb6a0000, 0x00000000eda223e0, 0x00000000eda22400, 0x00000000ee334000)
 Metaspace       used 33410K, capacity 34465K, committed 34688K, reserved 1079296K
  class space    used 3795K, capacity 4184K, committed 4224K, reserved 1048576K
}
Event: 31.789 GC heap before
{Heap before GC invocations=43 (full 2):
 def new generation   total 20608K, used 17920K [0x00000000e1200000, 0x00000000e2850000, 0x00000000eb6a0000)
  eden space 18368K,  88% used [0x00000000e1200000, 0x00000000e21e71a0, 0x00000000e23f0000)
  from space 2240K,  73% used [0x00000000e2620000, 0x00000000e27b9010, 0x00000000e2850000)
  to   space 2240K,   0% used [0x00000000e23f0000, 0x00000000e23f0000, 0x00000000e2620000)
 tenured generation   total 45648K, used 36360K [0x00000000eb6a0000, 0x00000000ee334000, 0x0000000100000000)
   the space 45648K,  79% used [0x00000000eb6a0000, 0x00000000eda223e0, 0x00000000eda22400, 0x00000000ee334000)
 Metaspace       used 34486K, capacity 35538K, committed 35840K, reserved 1081344K
  class space    used 3903K, capacity 4285K, committed 4352K, reserved 1048576K
}
Event: 31.953 GC heap after
{Heap after GC invocations=44 (full 3):
 def new generation   total 24192K, used 0K [0x00000000e1200000, 0x00000000e2c40000, 0x00000000eb6a0000)
  eden space 21504K,   0% used [0x00000000e1200000, 0x00000000e1200000, 0x00000000e2700000)
  from space 2688K,   0% used [0x00000000e2700000, 0x00000000e2700000, 0x00000000e29a0000)
  to   space 2688K,   0% used [0x00000000e29a0000, 0x00000000e29a0000, 0x00000000e2c40000)
 tenured generation   total 53616K, used 32167K [0x00000000eb6a0000, 0x00000000eeafc000, 0x0000000100000000)
   the space 53616K,  59% used [0x00000000eb6a0000, 0x00000000ed609df0, 0x00000000ed609e00, 0x00000000eeafc000)
 Metaspace       used 34486K, capacity 35538K, committed 35840K, reserved 1081344K
  class space    used 3903K, capacity 4285K, committed 4352K, reserved 1048576K
}

