# JRE version: OpenJDK Runtime Environment (11.0.5+10) (build 11.0.5+10-post-Ubuntu-0ubuntu1.118.04)
# Java VM: OpenJDK 64-Bit Server VM (11.0.5+10-post-Ubuntu-0ubuntu1.118.04, mixed mode, sharing, tiered, compressed oops, serial gc, linux-amd64)
Heap:
 def new generation   total 213888K, used 16376K [0x0000000080000000, 0x000000008e810000, 0x00000000aaaa0000)
  eden space 190144K,   2% used [0x0000000080000000, 0x00000000803d11d8, 0x000000008b9b0000)
  from space 23744K,  52% used [0x000000008d0e0000, 0x000000008dd0d200, 0x000000008e810000)
  to   space 23744K,   0% used [0x000000008b9b0000, 0x000000008b9b0000, 0x000000008d0e0000)
 tenured generation   total 475072K, used 398720K [0x00000000aaaa0000, 0x00000000c7a90000, 0x0000000100000000)
   the space 475072K,  83% used [0x00000000aaaa0000, 0x00000000c30002b8, 0x00000000c3000400, 0x00000000c7a90000)
 Metaspace       used 26743K, capacity 27425K, committed 27776K, reserved 1073152K
  class space    used 2915K, capacity 3123K, committed 3200K, reserved 1048576K
GC Heap History (20 events):
Event: 677.355 GC heap before
{Heap before GC invocations=219 (full 7):
 def new generation   total 213888K, used 202820K [0x0000000080000000, 0x000000008e810000, 0x00000000aaaa0000)
  eden space 190144K, 100% used [0x0000000080000000, 0x000000008b9b0000, 0x000000008b9b0000)
  from space 23744K,  53% used [0x000000008d0e0000, 0x000000008dd41230, 0x000000008e810000)
  to   space 23744K,   0% used [0x000000008b9b0000, 0x000000008b9b0000, 0x000000008d0e0000)
 tenured generation   total 475072K, used 336255K [0x00000000aaaa0000, 0x00000000c7a90000, 0x0000000100000000)
   the space 475072K,  70% used [0x00000000aaaa0000, 0x00000000bf2ffee8, 0x00000000bf300000, 0x00000000c7a90000)
 Metaspace       used 26741K, capacity 27425K, committed 27776K, reserved 1073152K
  class space    used 2915K, capacity 3123K, committed 3200K, reserved 1048576K
}
Event: 677.487 GC heap after
{Heap after GC invocations=220 (full 7):
 def new generation   total 213888K, used 12650K [0x0000000080000000, 0x000000008e810000, 0x00000000aaaa0000)
  eden space 190144K,   0% used [0x0000000080000000, 0x0000000080000000, 0x000000008b9b0000)
  from space 23744K,  53% used [0x000000008b9b0000, 0x000000008c60aba8, 0x000000008d0e0000)
  to   space 23744K,   0% used [0x000000008d0e0000, 0x000000008d0e0000, 0x000000008e810000)
 tenured generation   total 475072K, used 342531K [0x00000000aaaa0000, 0x00000000c7a90000, 0x0000000100000000)
   the space 475072K,  72% used [0x00000000aaaa0000, 0x00000000bf920f18, 0x00000000bf921000, 0x00000000c7a90000)
 Metaspace       used 26741K, capacity 27425K, committed 27776K, reserved 1073152K
  class space    used 2915K, capacity 3123K, committed 3200K, reserved 1048576K
}
Event: 688.823 GC heap before
{Heap before GC invocations=220 (full 7):
 def new generation   total 213888K, used 202794K [0x0000000080000000, 0x000000008e810000, 0x00000000aaaa0000)
  eden space 190144K, 100% used [0x0000000080000000, 0x000000008b9b0000, 0x000000008b9b0000)
  from space 23744K,  53% used [0x000000008b9b0000, 0x000000008c60aba8, 0x000000008d0e0000)
  to   space 23744K,   0% used [0x000000008d0e0000, 0x000000008d0e0000, 0x000000008e810000)
 tenured generation   total 475072K, used 342531K [0x00000000aaaa0000, 0x00000000c7a90000, 0x0000000100000000)
   the space 475072K,  72% used [0x00000000aaaa0000, 0x00000000bf920f18, 0x00000000bf921000, 0x00000000c7a90000)
 Metaspace       used 26741K, capacity 27425K, committed 27776K, reserved 1073152K
  class space    used 2915K, capacity 3123K, committed 3200K, reserved 1048576K
}
Event: 688.940 GC heap after
{Heap after GC invocations=221 (full 7):
 def new generation   total 213888K, used 12669K [0x0000000080000000, 0x000000008e810000, 0x00000000aaaa0000)
  eden space 190144K,   0% used [0x0000000080000000, 0x0000000080000000, 0x000000008b9b0000)
  from space 23744K,  53% used [0x000000008d0e0000, 0x000000008dd3f5e8, 0x000000008e810000)
  to   space 23744K,   0% used [0x000000008b9b0000, 0x000000008b9b0000, 0x000000008d0e0000)
 tenured generation   total 475072K, used 348760K [0x00000000aaaa0000, 0x00000000c7a90000, 0x0000000100000000)
   the space 475072K,  73% used [0x00000000aaaa0000, 0x00000000bff36068, 0x00000000bff36200, 0x00000000c7a90000)
 Metaspace       used 26741K, capacity 27425K, committed 27776K, reserved 1073152K
  class space    used 2915K, capacity 3123K, committed 3200K, reserved 1048576K
}
Event: 700.273 GC heap before
{Heap before GC invocations=221 (full 7):
 def new generation   total 213888K, used 202813K [0x0000000080000000, 0x000000008e810000, 0x00000000aaaa0000)
  eden space 190144K, 100% used [0x0000000080000000, 0x000000008b9b0000, 0x000000008b9b0000)
  from space 23744K,  53% used [0x000000008d0e0000, 0x000000008dd3f5e8, 0x000000008e810000)
  to   space 23744K,   0% used [0x000000008b9b0000, 0x000000008b9b0000, 0x000000008d0e0000)
 tenured generation   total 475072K, used 348760K [0x00000000aaaa0000, 0x00000000c7a90000, 0x0000000100000000)
   the space 475072K,  73% used [0x00000000aaaa0000, 0x00000000bff36068, 0x00000000bff36200, 0x00000000c7a90000)
 Metaspace       used 26741K, capacity 27425K, committed 27776K, reserved 1073152K
  class space    used 2915K, capacity 3123K, committed 3200K, reserved 1048576K
}
Event: 700.386 GC heap after
{Heap after GC invocations=222 (full 7):
 def new generation   total 213888K, used 12666K [0x0000000080000000, 0x000000008e810000, 0x00000000aaaa0000)
  eden space 190144K,   0% used [0x0000000080000000, 0x0000000080000000, 0x000000008b9b0000)
  from space 23744K,  53% used [0x000000008b9b0000, 0x000000008c60e8e8, 0x000000008d0e0000)
  to   space 23744K,   0% used [0x000000008d0e0000, 0x000000008d0e0000, 0x000000008e810000)
 tenured generation   total 475072K, used 354995K [0x00000000aaaa0000, 0x00000000c7a90000, 0x0000000100000000)
   the space 475072K,  74% used [0x00000000aaaa0000, 0x00000000c054cfe8, 0x00000000c054d000, 0x00000000c7a90000)
 Metaspace       used 26741K, capacity 27425K, committed 27776K, reserved 1073152K
  class space    used 2915K, capacity 3123K, committed 3200K, reserved 1048576K
}
Event: 711.882 GC heap before
{Heap before GC invocations=222 (full 7):
 def new generation   total 213888K, used 202810K [0x0000000080000000, 0x000000008e810000, 0x00000000aaaa0000)
  eden space 190144K, 100% used [0x0000000080000000, 0x000000008b9b0000, 0x000000008b9b0000)
  from space 23744K,  53% used [0x000000008b9b0000, 0x000000008c60e8e8, 0x000000008d0e0000)
  to   space 23744K,   0% used [0x000000008d0e0000, 0x000000008d0e0000, 0x000000008e810000)
 tenured generation   total 475072K, used 354995K [0x00000000aaaa0000, 0x00000000c7a90000, 0x0000000100000000)
   the space 475072K,  74% used [0x00000000aaaa0000, 0x00000000c054cfe8, 0x00000000c054d000, 0x00000000c7a90000)
 Metaspace       used 26741K, capacity 27425K, committed 27776K, reserved 1073152K
  class space    used 2915K, capacity 3123K, committed 3200K, reserved 1048576K
}
Event: 712.006 GC heap after
{Heap after GC invocations=223 (full 7):
 def new generation   total 213888K, used 12579K [0x0000000080000000, 0x000000008e810000, 0x00000000aaaa0000)
  eden space 190144K,   0% used [0x0000000080000000, 0x0000000080000000, 0x000000008b9b0000)
  from space 23744K,  52% used [0x000000008d0e0000, 0x000000008dd28d28, 0x000000008e810000)
  to   space 23744K,   0% used [0x000000008b9b0000, 0x000000008b9b0000, 0x000000008d0e0000)
 tenured generation   total 475072K, used 361264K [0x00000000aaaa0000, 0x00000000c7a90000, 0x0000000100000000)
   the space 475072K,  76% used [0x00000000aaaa0000, 0x00000000c0b6c2d8, 0x00000000c0b6c400, 0x00000000c7a90000)
 Metaspace       used 26741K, capacity 27425K, committed 27776K, reserved 1073152K
  class space    used 2915K, capacity 3123K, committed 3200K, reserved 1048576K
}
Event: 723.242 GC heap before
{Heap before GC invocations=223 (full 7):
 def new generation   total 213888K, used 202723K [0x0000000080000000, 0x000000008e810000, 0x00000000aaaa0000)
  eden space 190144K, 100% used [0x0000000080000000, 0x000000008b9b0000, 0x000000008b9b0000)
  from space 23744K,  52% used [0x000000008d0e0000, 0x000000008dd28d28, 0x000000008e810000)
  to   space 23744K,   0% used [0x000000008b9b0000, 0x000000008b9b0000, 0x000000008d0e0000)
 tenured generation   total 475072K, used 361264K [0x00000000aaaa0000, 0x00000000c7a90000, 0x0000000100000000)
   the space 475072K,  76% used [0x00000000aaaa0000, 0x00000000c0b6c2d8, 0x00000000c0b6c400, 0x00000000c7a90000)
 Metaspace       used 26741K, capacity 27425K, committed 27776K, reserved 1073152K
  class space    used 2915K, capacity 3123K, committed 3200K, reserved 1048576K
}
Event: 723.368 GC heap after
{Heap after GC invocations=224 (full 7):
 def new generation   total 213888K, used 12651K [0x0000000080000000, 0x000000008e810000, 0x00000000aaaa0000)
  eden space 190144K,   0% used [0x0000000080000000, 0x0000000080000000, 0x000000008b9b0000)
  from space 23744K,  53% used [0x000000008b9b0000, 0x000000008c60ac60, 0x000000008d0e0000)
  to   space 23744K,   0% used [0x000000008d0e0000, 0x000000008d0e0000, 0x000000008e810000)
 tenured generation   total 475072K, used 367542K [0x00000000aaaa0000, 0x00000000c7a90000, 0x0000000100000000)
   the space 475072K,  77% used [0x00000000aaaa0000, 0x00000000c118d968, 0x00000000c118da00, 0x00000000c7a90000)
 Metaspace       used 26741K, capacity 27425K, committed 27776K, reserved 1073152K
  class space    used 2915K, capacity 3123K, committed 3200K, reserved 1048576K
}
Event: 734.662 GC heap before
{Heap before GC invocations=224 (full 7):
 def new generation   total 213888K, used 202795K [0x0000000080000000, 0x000000008e810000, 0x00000000aaaa0000)
  eden space 190144K, 100% used [0x0000000080000000, 0x000000008b9b0000, 0x000000008b9b0000)
  from space 23744K,  53% used [0x000000008b9b0000, 0x000000008c60ac60, 0x000000008d0e0000)
  to   space 23744K,   0% used [0x000000008d0e0000, 0x000000008d0e0000, 0x000000008e810000)
 tenured generation   total 475072K, used 367542K [0x00000000aaaa0000, 0x00000000c7a90000, 0x0000000100000000)
   the space 475072K,  77% used [0x00000000aaaa0000, 0x00000000c118d968, 0x00000000c118da00, 0x00000000c7a90000)
 Metaspace       used 26741K, capacity 27425K, committed 27776K, reserved 1073152K
  class space    used 2915K, capacity 3123K, committed 3200K, reserved 1048576K
}
Event: 734.783 GC heap after
{Heap after GC invocations=225 (full 7):
 def new generation   total 213888K, used 12620K [0x0000000080000000, 0x000000008e810000, 0x00000000aaaa0000)
  eden space 190144K,   0% used [0x0000000080000000, 0x0000000080000000, 0x000000008b9b0000)
  from space 23744K,  53% used [0x000000008d0e0000, 0x000000008dd33078, 0x000000008e810000)
  to   space 23744K,   0% used [0x000000008b9b0000, 0x000000008b9b0000, 0x000000008d0e0000)
 tenured generation   total 475072K, used 373736K [0x00000000aaaa0000, 0x00000000c7a90000, 0x0000000100000000)
   the space 475072K,  78% used [0x00000000aaaa0000, 0x00000000c179a138, 0x00000000c179a200, 0x00000000c7a90000)
 Metaspace       used 26741K, capacity 27425K, committed 27776K, reserved 1073152K
  class space    used 2915K, capacity 3123K, committed 3200K, reserved 1048576K
}
Event: 746.331 GC heap before
{Heap before GC invocations=225 (full 7):
 def new generation   total 213888K, used 202764K [0x0000000080000000, 0x000000008e810000, 0x00000000aaaa0000)
  eden space 190144K, 100% used [0x0000000080000000, 0x000000008b9b0000, 0x000000008b9b0000)
  from space 23744K,  53% used [0x000000008d0e0000, 0x000000008dd33078, 0x000000008e810000)
  to   space 23744K,   0% used [0x000000008b9b0000, 0x000000008b9b0000, 0x000000008d0e0000)
 tenured generation   total 475072K, used 373736K [0x00000000aaaa0000, 0x00000000c7a90000, 0x0000000100000000)
   the space 475072K,  78% used [0x00000000aaaa0000, 0x00000000c179a138, 0x00000000c179a200, 0x00000000c7a90000)
 Metaspace       used 26741K, capacity 27425K, committed 27776K, reserved 1073152K
  class space    used 2915K, capacity 3123K, committed 3200K, reserved 1048576K
}
Event: 746.556 GC heap after
{Heap after GC invocations=226 (full 7):
 def new generation   total 213888K, used 12629K [0x0000000080000000, 0x000000008e810000, 0x00000000aaaa0000)
  eden space 190144K,   0% used [0x0000000080000000, 0x0000000080000000, 0x000000008b9b0000)
  from space 23744K,  53% used [0x000000008b9b0000, 0x000000008c605740, 0x000000008d0e0000)
  to   space 23744K,   0% used [0x000000008d0e0000, 0x000000008d0e0000, 0x000000008e810000)
 tenured generation   total 475072K, used 380021K [0x00000000aaaa0000, 0x00000000c7a90000, 0x0000000100000000)
   the space 475072K,  79% used [0x00000000aaaa0000, 0x00000000c1dbd598, 0x00000000c1dbd600, 0x00000000c7a90000)
 Metaspace       used 26741K, capacity 27425K, committed 27776K, reserved 1073152K
  class space    used 2915K, capacity 3123K, committed 3200K, reserved 1048576K
}
Event: 768.648 GC heap before
{Heap before GC invocations=226 (full 7):
 def new generation   total 213888K, used 202773K [0x0000000080000000, 0x000000008e810000, 0x00000000aaaa0000)
  eden space 190144K, 100% used [0x0000000080000000, 0x000000008b9b0000, 0x000000008b9b0000)
  from space 23744K,  53% used [0x000000008b9b0000, 0x000000008c605740, 0x000000008d0e0000)
  to   space 23744K,   0% used [0x000000008d0e0000, 0x000000008d0e0000, 0x000000008e810000)
 tenured generation   total 475072K, used 380021K [0x00000000aaaa0000, 0x00000000c7a90000, 0x0000000100000000)
   the space 475072K,  79% used [0x00000000aaaa0000, 0x00000000c1dbd598, 0x00000000c1dbd600, 0x00000000c7a90000)
 Metaspace       used 26741K, capacity 27425K, committed 27776K, reserved 1073152K
  class space    used 2915K, capacity 3123K, committed 3200K, reserved 1048576K
}
Event: 768.959 GC heap after
{Heap after GC invocations=227 (full 7):
 def new generation   total 213888K, used 12637K [0x0000000080000000, 0x000000008e810000, 0x00000000aaaa0000)
  eden space 190144K,   0% used [0x0000000080000000, 0x0000000080000000, 0x000000008b9b0000)
  from space 23744K,  53% used [0x000000008d0e0000, 0x000000008dd375a8, 0x000000008e810000)
  to   space 23744K,   0% used [0x000000008b9b0000, 0x000000008b9b0000, 0x000000008d0e0000)
 tenured generation   total 475072K, used 386240K [0x00000000aaaa0000, 0x00000000c7a90000, 0x0000000100000000)
   the space 475072K,  81% used [0x00000000aaaa0000, 0x00000000c23d03d8, 0x00000000c23d0400, 0x00000000c7a90000)
 Metaspace       used 26741K, capacity 27425K, committed 27776K, reserved 1073152K
  class space    used 2915K, capacity 3123K, committed 3200K, reserved 1048576K
}
Event: 797.439 GC heap before
{Heap before GC invocations=227 (full 7):
 def new generation   total 213888K, used 202781K [0x0000000080000000, 0x000000008e810000, 0x00000000aaaa0000)
  eden space 190144K, 100% used [0x0000000080000000, 0x000000008b9b0000, 0x000000008b9b0000)
  from space 23744K,  53% used [0x000000008d0e0000, 0x000000008dd375a8, 0x000000008e810000)
  to   space 23744K,   0% used [0x000000008b9b0000, 0x000000008b9b0000, 0x000000008d0e0000)
 tenured generation   total 475072K, used 386240K [0x00000000aaaa0000, 0x00000000c7a90000, 0x0000000100000000)
   the space 475072K,  81% used [0x00000000aaaa0000, 0x00000000c23d03d8, 0x00000000c23d0400, 0x00000000c7a90000)
 Metaspace       used 26741K, capacity 27425K, committed 27776K, reserved 1073152K
  class space    used 2915K, capacity 3123K, committed 3200K, reserved 1048576K
}
Event: 797.694 GC heap after
{Heap after GC invocations=228 (full 7):
 def new generation   total 213888K, used 12609K [0x0000000080000000, 0x000000008e810000, 0x00000000aaaa0000)
  eden space 190144K,   0% used [0x0000000080000000, 0x0000000080000000, 0x000000008b9b0000)
  from space 23744K,  53% used [0x000000008b9b0000, 0x000000008c600688, 0x000000008d0e0000)
  to   space 23744K,   0% used [0x000000008d0e0000, 0x000000008d0e0000, 0x000000008e810000)
 tenured generation   total 475072K, used 392489K [0x00000000aaaa0000, 0x00000000c7a90000, 0x0000000100000000)
   the space 475072K,  82% used [0x00000000aaaa0000, 0x00000000c29ea790, 0x00000000c29ea800, 0x00000000c7a90000)
 Metaspace       used 26741K, capacity 27425K, committed 27776K, reserved 1073152K
  class space    used 2915K, capacity 3123K, committed 3200K, reserved 1048576K
}
Event: 850.348 GC heap before
{Heap before GC invocations=228 (full 7):
 def new generation   total 213888K, used 202753K [0x0000000080000000, 0x000000008e810000, 0x00000000aaaa0000)
  eden space 190144K, 100% used [0x0000000080000000, 0x000000008b9b0000, 0x000000008b9b0000)
  from space 23744K,  53% used [0x000000008b9b0000, 0x000000008c600688, 0x000000008d0e0000)
  to   space 23744K,   0% used [0x000000008d0e0000, 0x000000008d0e0000, 0x000000008e810000)
 tenured generation   total 475072K, used 392489K [0x00000000aaaa0000, 0x00000000c7a90000, 0x0000000100000000)
   the space 475072K,  82% used [0x00000000aaaa0000, 0x00000000c29ea790, 0x00000000c29ea800, 0x00000000c7a90000)
 Metaspace       used 26742K, capacity 27425K, committed 27776K, reserved 1073152K
  class space    used 2915K, capacity 3123K, committed 3200K, reserved 1048576K
}
Event: 850.865 GC heap after
{Heap after GC invocations=229 (full 7):
 def new generation   total 213888K, used 12468K [0x0000000080000000, 0x000000008e810000, 0x00000000aaaa0000)
  eden space 190144K,   0% used [0x0000000080000000, 0x0000000080000000, 0x000000008b9b0000)
  from space 23744K,  52% used [0x000000008d0e0000, 0x000000008dd0d200, 0x000000008e810000)
  to   space 23744K,   0% used [0x000000008b9b0000, 0x000000008b9b0000, 0x000000008d0e0000)
 tenured generation   total 475072K, used 398720K [0x00000000aaaa0000, 0x00000000c7a90000, 0x0000000100000000)
   the space 475072K,  83% used [0x00000000aaaa0000, 0x00000000c30002b8, 0x00000000c3000400, 0x00000000c7a90000)
 Metaspace       used 26742K, capacity 27425K, committed 27776K, reserved 1073152K
  class space    used 2915K, capacity 3123K, committed 3200K, reserved 1048576K
}

