# JRE version: OpenJDK Runtime Environment (11.0.5+10) (build 11.0.5+10-post-Ubuntu-0ubuntu1.118.04)
# Java VM: OpenJDK 64-Bit Server VM (11.0.5+10-post-Ubuntu-0ubuntu1.118.04, mixed mode, sharing, tiered, compressed oops, serial gc, linux-amd64)
Heap:
 def new generation   total 9920K, used 4977K [0x0000000080000000, 0x0000000080ac0000, 0x00000000aaaa0000)
  eden space 8832K,  51% used [0x0000000080000000, 0x0000000080468c38, 0x00000000808a0000)
  from space 1088K,  42% used [0x00000000809b0000, 0x0000000080a23a40, 0x0000000080ac0000)
  to   space 1088K,   0% used [0x00000000808a0000, 0x00000000808a0000, 0x00000000809b0000)
 tenured generation   total 21888K, used 11457K [0x00000000aaaa0000, 0x00000000ac000000, 0x0000000100000000)
   the space 21888K,  52% used [0x00000000aaaa0000, 0x00000000ab5d0418, 0x00000000ab5d0600, 0x00000000ac000000)
 Metaspace       used 24742K, capacity 25372K, committed 25776K, reserved 1073152K
  class space    used 2821K, capacity 3020K, committed 3072K, reserved 1048576K
GC Heap History (20 events):
Event: 10.624 GC heap before
{Heap before GC invocations=12 (full 0):
 def new generation   total 9792K, used 9028K [0x0000000080000000, 0x0000000080aa0000, 0x00000000aaaa0000)
  eden space 8704K, 100% used [0x0000000080000000, 0x0000000080880000, 0x0000000080880000)
  from space 1088K,  29% used [0x0000000080880000, 0x00000000808d1040, 0x0000000080990000)
  to   space 1088K,   0% used [0x0000000080990000, 0x0000000080990000, 0x0000000080aa0000)
 tenured generation   total 21888K, used 7014K [0x00000000aaaa0000, 0x00000000ac000000, 0x0000000100000000)
   the space 21888K,  32% used [0x00000000aaaa0000, 0x00000000ab179b38, 0x00000000ab179c00, 0x00000000ac000000)
 Metaspace       used 14554K, capacity 15921K, committed 16256K, reserved 1062912K
  class space    used 1679K, capacity 1888K, committed 1920K, reserved 1048576K
}
Event: 10.629 GC heap after
{Heap after GC invocations=13 (full 0):
 def new generation   total 9792K, used 523K [0x0000000080000000, 0x0000000080aa0000, 0x00000000aaaa0000)
  eden space 8704K,   0% used [0x0000000080000000, 0x0000000080000000, 0x0000000080880000)
  from space 1088K,  48% used [0x0000000080990000, 0x0000000080a12fe0, 0x0000000080aa0000)
  to   space 1088K,   0% used [0x0000000080880000, 0x0000000080880000, 0x0000000080990000)
 tenured generation   total 21888K, used 7014K [0x00000000aaaa0000, 0x00000000ac000000, 0x0000000100000000)
   the space 21888K,  32% used [0x00000000aaaa0000, 0x00000000ab179b38, 0x00000000ab179c00, 0x00000000ac000000)
 Metaspace       used 14554K, capacity 15921K, committed 16256K, reserved 1062912K
  class space    used 1679K, capacity 1888K, committed 1920K, reserved 1048576K
}
Event: 11.262 GC heap before
{Heap before GC invocations=13 (full 0):
 def new generation   total 9792K, used 9227K [0x0000000080000000, 0x0000000080aa0000, 0x00000000aaaa0000)
  eden space 8704K, 100% used [0x0000000080000000, 0x0000000080880000, 0x0000000080880000)
  from space 1088K,  48% used [0x0000000080990000, 0x0000000080a12fe0, 0x0000000080aa0000)
  to   space 1088K,   0% used [0x0000000080880000, 0x0000000080880000, 0x0000000080990000)
 tenured generation   total 21888K, used 7014K [0x00000000aaaa0000, 0x00000000ac000000, 0x0000000100000000)
   the space 21888K,  32% used [0x00000000aaaa0000, 0x00000000ab179b38, 0x00000000ab179c00, 0x00000000ac000000)
 Metaspace       used 14764K, capacity 16148K, committed 16512K, reserved 1064960K
  class space    used 1694K, capacity 1920K, committed 1920K, reserved 1048576K
}
Event: 11.271 GC heap after
{Heap after GC invocations=14 (full 0):
 def new generation   total 9792K, used 940K [0x0000000080000000, 0x0000000080aa0000, 0x00000000aaaa0000)
  eden space 8704K,   0% used [0x0000000080000000, 0x0000000080000000, 0x0000000080880000)
  from space 1088K,  86% used [0x0000000080880000, 0x000000008096b118, 0x0000000080990000)
  to   space 1088K,   0% used [0x0000000080990000, 0x0000000080990000, 0x0000000080aa0000)
 tenured generation   total 21888K, used 7014K [0x00000000aaaa0000, 0x00000000ac000000, 0x0000000100000000)
   the space 21888K,  32% used [0x00000000aaaa0000, 0x00000000ab179b38, 0x00000000ab179c00, 0x00000000ac000000)
 Metaspace       used 14764K, capacity 16148K, committed 16512K, reserved 1064960K
  class space    used 1694K, capacity 1920K, committed 1920K, reserved 1048576K
}
Event: 11.764 GC heap before
{Heap before GC invocations=14 (full 0):
 def new generation   total 9792K, used 9644K [0x0000000080000000, 0x0000000080aa0000, 0x00000000aaaa0000)
  eden space 8704K, 100% used [0x0000000080000000, 0x0000000080880000, 0x0000000080880000)
  from space 1088K,  86% used [0x0000000080880000, 0x000000008096b118, 0x0000000080990000)
  to   space 1088K,   0% used [0x0000000080990000, 0x0000000080990000, 0x0000000080aa0000)
 tenured generation   total 21888K, used 7014K [0x00000000aaaa0000, 0x00000000ac000000, 0x0000000100000000)
   the space 21888K,  32% used [0x00000000aaaa0000, 0x00000000ab179b38, 0x00000000ab179c00, 0x00000000ac000000)
 Metaspace       used 14824K, capacity 16148K, committed 16512K, reserved 1064960K
  class space    used 1696K, capacity 1920K, committed 1920K, reserved 1048576K
}
Event: 11.772 GC heap after
{Heap after GC invocations=15 (full 0):
 def new generation   total 9792K, used 878K [0x0000000080000000, 0x0000000080aa0000, 0x00000000aaaa0000)
  eden space 8704K,   0% used [0x0000000080000000, 0x0000000080000000, 0x0000000080880000)
  from space 1088K,  80% used [0x0000000080990000, 0x0000000080a6bbc8, 0x0000000080aa0000)
  to   space 1088K,   0% used [0x0000000080880000, 0x0000000080880000, 0x0000000080990000)
 tenured generation   total 21888K, used 7411K [0x00000000aaaa0000, 0x00000000ac000000, 0x0000000100000000)
   the space 21888K,  33% used [0x00000000aaaa0000, 0x00000000ab1dcd60, 0x00000000ab1dce00, 0x00000000ac000000)
 Metaspace       used 14824K, capacity 16148K, committed 16512K, reserved 1064960K
  class space    used 1696K, capacity 1920K, committed 1920K, reserved 1048576K
}
Event: 12.288 GC heap before
{Heap before GC invocations=15 (full 0):
 def new generation   total 9792K, used 9582K [0x0000000080000000, 0x0000000080aa0000, 0x00000000aaaa0000)
  eden space 8704K, 100% used [0x0000000080000000, 0x0000000080880000, 0x0000000080880000)
  from space 1088K,  80% used [0x0000000080990000, 0x0000000080a6bbc8, 0x0000000080aa0000)
  to   space 1088K,   0% used [0x0000000080880000, 0x0000000080880000, 0x0000000080990000)
 tenured generation   total 21888K, used 7411K [0x00000000aaaa0000, 0x00000000ac000000, 0x0000000100000000)
   the space 21888K,  33% used [0x00000000aaaa0000, 0x00000000ab1dcd60, 0x00000000ab1dce00, 0x00000000ac000000)
 Metaspace       used 14957K, capacity 16276K, committed 16512K, reserved 1064960K
  class space    used 1696K, capacity 1920K, committed 1920K, reserved 1048576K
}
Event: 12.299 GC heap after
{Heap after GC invocations=16 (full 0):
 def new generation   total 9792K, used 774K [0x0000000080000000, 0x0000000080aa0000, 0x00000000aaaa0000)
  eden space 8704K,   0% used [0x0000000080000000, 0x0000000080000000, 0x0000000080880000)
  from space 1088K,  71% used [0x0000000080880000, 0x0000000080941b80, 0x0000000080990000)
  to   space 1088K,   0% used [0x0000000080990000, 0x0000000080990000, 0x0000000080aa0000)
 tenured generation   total 21888K, used 7851K [0x00000000aaaa0000, 0x00000000ac000000, 0x0000000100000000)
   the space 21888K,  35% used [0x00000000aaaa0000, 0x00000000ab24adc8, 0x00000000ab24ae00, 0x00000000ac000000)
 Metaspace       used 14957K, capacity 16276K, committed 16512K, reserved 1064960K
  class space    used 1696K, capacity 1920K, committed 1920K, reserved 1048576K
}
Event: 13.039 GC heap before
{Heap before GC invocations=16 (full 0):
 def new generation   total 9792K, used 9478K [0x0000000080000000, 0x0000000080aa0000, 0x00000000aaaa0000)
  eden space 8704K, 100% used [0x0000000080000000, 0x0000000080880000, 0x0000000080880000)
  from space 1088K,  71% used [0x0000000080880000, 0x0000000080941b80, 0x0000000080990000)
  to   space 1088K,   0% used [0x0000000080990000, 0x0000000080990000, 0x0000000080aa0000)
 tenured generation   total 21888K, used 7851K [0x00000000aaaa0000, 0x00000000ac000000, 0x0000000100000000)
   the space 21888K,  35% used [0x00000000aaaa0000, 0x00000000ab24adc8, 0x00000000ab24ae00, 0x00000000ac000000)
 Metaspace       used 15619K, capacity 16880K, committed 17152K, reserved 1064960K
  class space    used 1783K, capacity 1996K, committed 2048K, reserved 1048576K
}
Event: 13.053 GC heap after
{Heap after GC invocations=17 (full 0):
 def new generation   total 9792K, used 949K [0x0000000080000000, 0x0000000080aa0000, 0x00000000aaaa0000)
  eden space 8704K,   0% used [0x0000000080000000, 0x0000000080000000, 0x0000000080880000)
  from space 1088K,  87% used [0x0000000080990000, 0x0000000080a7d728, 0x0000000080aa0000)
  to   space 1088K,   0% used [0x0000000080880000, 0x0000000080880000, 0x0000000080990000)
 tenured generation   total 21888K, used 8189K [0x00000000aaaa0000, 0x00000000ac000000, 0x0000000100000000)
   the space 21888K,  37% used [0x00000000aaaa0000, 0x00000000ab29f738, 0x00000000ab29f800, 0x00000000ac000000)
 Metaspace       used 15619K, capacity 16880K, committed 17152K, reserved 1064960K
  class space    used 1783K, capacity 1996K, committed 2048K, reserved 1048576K
}
Event: 18.202 GC heap before
{Heap before GC invocations=17 (full 0):
 def new generation   total 9792K, used 9653K [0x0000000080000000, 0x0000000080aa0000, 0x00000000aaaa0000)
  eden space 8704K, 100% used [0x0000000080000000, 0x0000000080880000, 0x0000000080880000)
  from space 1088K,  87% used [0x0000000080990000, 0x0000000080a7d728, 0x0000000080aa0000)
  to   space 1088K,   0% used [0x0000000080880000, 0x0000000080880000, 0x0000000080990000)
 tenured generation   total 21888K, used 8189K [0x00000000aaaa0000, 0x00000000ac000000, 0x0000000100000000)
   the space 21888K,  37% used [0x00000000aaaa0000, 0x00000000ab29f738, 0x00000000ab29f800, 0x00000000ac000000)
 Metaspace       used 18528K, capacity 19067K, committed 19328K, reserved 1067008K
  class space    used 2157K, capacity 2326K, committed 2432K, reserved 1048576K
}
Event: 18.212 GC heap after
{Heap after GC invocations=18 (full 0):
 def new generation   total 9792K, used 1073K [0x0000000080000000, 0x0000000080aa0000, 0x00000000aaaa0000)
  eden space 8704K,   0% used [0x0000000080000000, 0x0000000080000000, 0x0000000080880000)
  from space 1088K,  98% used [0x0000000080880000, 0x000000008098c568, 0x0000000080990000)
  to   space 1088K,   0% used [0x0000000080990000, 0x0000000080990000, 0x0000000080aa0000)
 tenured generation   total 21888K, used 9236K [0x00000000aaaa0000, 0x00000000ac000000, 0x0000000100000000)
   the space 21888K,  42% used [0x00000000aaaa0000, 0x00000000ab3a51a0, 0x00000000ab3a5200, 0x00000000ac000000)
 Metaspace       used 18528K, capacity 19067K, committed 19328K, reserved 1067008K
  class space    used 2157K, capacity 2326K, committed 2432K, reserved 1048576K
}
Event: 29.351 GC heap before
{Heap before GC invocations=18 (full 0):
 def new generation   total 9792K, used 9001K [0x0000000080000000, 0x0000000080aa0000, 0x00000000aaaa0000)
  eden space 8704K,  91% used [0x0000000080000000, 0x00000000807be0a8, 0x0000000080880000)
  from space 1088K,  98% used [0x0000000080880000, 0x000000008098c568, 0x0000000080990000)
  to   space 1088K,   0% used [0x0000000080990000, 0x0000000080990000, 0x0000000080aa0000)
 tenured generation   total 21888K, used 9236K [0x00000000aaaa0000, 0x00000000ac000000, 0x0000000100000000)
   the space 21888K,  42% used [0x00000000aaaa0000, 0x00000000ab3a51a0, 0x00000000ab3a5200, 0x00000000ac000000)
 Metaspace       used 20530K, capacity 21083K, committed 21296K, reserved 1069056K
  class space    used 2404K, capacity 2596K, committed 2688K, reserved 1048576K
}
Event: 29.392 GC heap after
{Heap after GC invocations=19 (full 1):
 def new generation   total 9920K, used 0K [0x0000000080000000, 0x0000000080ac0000, 0x00000000aaaa0000)
  eden space 8832K,   0% used [0x0000000080000000, 0x0000000080000000, 0x00000000808a0000)
  from space 1088K,   0% used [0x00000000808a0000, 0x00000000808a0000, 0x00000000809b0000)
  to   space 1088K,   0% used [0x00000000809b0000, 0x00000000809b0000, 0x0000000080ac0000)
 tenured generation   total 21888K, used 11233K [0x00000000aaaa0000, 0x00000000ac000000, 0x0000000100000000)
   the space 21888K,  51% used [0x00000000aaaa0000, 0x00000000ab598530, 0x00000000ab598600, 0x00000000ac000000)
 Metaspace       used 20530K, capacity 21083K, committed 21296K, reserved 1069056K
  class space    used 2404K, capacity 2596K, committed 2688K, reserved 1048576K
}
Event: 29.702 GC heap before
{Heap before GC invocations=19 (full 1):
 def new generation   total 9920K, used 8832K [0x0000000080000000, 0x0000000080ac0000, 0x00000000aaaa0000)
  eden space 8832K, 100% used [0x0000000080000000, 0x00000000808a0000, 0x00000000808a0000)
  from space 1088K,   0% used [0x00000000808a0000, 0x00000000808a0000, 0x00000000809b0000)
  to   space 1088K,   0% used [0x00000000809b0000, 0x00000000809b0000, 0x0000000080ac0000)
 tenured generation   total 21888K, used 11233K [0x00000000aaaa0000, 0x00000000ac000000, 0x0000000100000000)
   the space 21888K,  51% used [0x00000000aaaa0000, 0x00000000ab598530, 0x00000000ab598600, 0x00000000ac000000)
 Metaspace       used 22635K, capacity 23195K, committed 23472K, reserved 1071104K
  class space    used 2613K, capacity 2788K, committed 2816K, reserved 1048576K
}
Event: 29.706 GC heap after
{Heap after GC invocations=20 (full 1):
 def new generation   total 9920K, used 234K [0x0000000080000000, 0x0000000080ac0000, 0x00000000aaaa0000)
  eden space 8832K,   0% used [0x0000000080000000, 0x0000000080000000, 0x00000000808a0000)
  from space 1088K,  21% used [0x00000000809b0000, 0x00000000809eaad8, 0x0000000080ac0000)
  to   space 1088K,   0% used [0x00000000808a0000, 0x00000000808a0000, 0x00000000809b0000)
 tenured generation   total 21888K, used 11233K [0x00000000aaaa0000, 0x00000000ac000000, 0x0000000100000000)
   the space 21888K,  51% used [0x00000000aaaa0000, 0x00000000ab598530, 0x00000000ab598600, 0x00000000ac000000)
 Metaspace       used 22635K, capacity 23195K, committed 23472K, reserved 1071104K
  class space    used 2613K, capacity 2788K, committed 2816K, reserved 1048576K
}
Event: 204.870 GC heap before
{Heap before GC invocations=20 (full 1):
 def new generation   total 9920K, used 9060K [0x0000000080000000, 0x0000000080ac0000, 0x00000000aaaa0000)
  eden space 8832K,  99% used [0x0000000080000000, 0x000000008089e680, 0x00000000808a0000)
  from space 1088K,  21% used [0x00000000809b0000, 0x00000000809eaad8, 0x0000000080ac0000)
  to   space 1088K,   0% used [0x00000000808a0000, 0x00000000808a0000, 0x00000000809b0000)
 tenured generation   total 21888K, used 11233K [0x00000000aaaa0000, 0x00000000ac000000, 0x0000000100000000)
   the space 21888K,  51% used [0x00000000aaaa0000, 0x00000000ab598530, 0x00000000ab598600, 0x00000000ac000000)
 Metaspace       used 24360K, capacity 25045K, committed 25264K, reserved 1071104K
  class space    used 2818K, capacity 3018K, committed 3072K, reserved 1048576K
}
Event: 204.873 GC heap after
{Heap after GC invocations=21 (full 1):
 def new generation   total 9920K, used 545K [0x0000000080000000, 0x0000000080ac0000, 0x00000000aaaa0000)
  eden space 8832K,   0% used [0x0000000080000000, 0x0000000080000000, 0x00000000808a0000)
  from space 1088K,  50% used [0x00000000808a0000, 0x00000000809284c0, 0x00000000809b0000)
  to   space 1088K,   0% used [0x00000000809b0000, 0x00000000809b0000, 0x0000000080ac0000)
 tenured generation   total 21888K, used 11233K [0x00000000aaaa0000, 0x00000000ac000000, 0x0000000100000000)
   the space 21888K,  51% used [0x00000000aaaa0000, 0x00000000ab598530, 0x00000000ab598600, 0x00000000ac000000)
 Metaspace       used 24360K, capacity 25045K, committed 25264K, reserved 1071104K
  class space    used 2818K, capacity 3018K, committed 3072K, reserved 1048576K
}
Event: 744.767 GC heap before
{Heap before GC invocations=21 (full 1):
 def new generation   total 9920K, used 9377K [0x0000000080000000, 0x0000000080ac0000, 0x00000000aaaa0000)
  eden space 8832K, 100% used [0x0000000080000000, 0x00000000808a0000, 0x00000000808a0000)
  from space 1088K,  50% used [0x00000000808a0000, 0x00000000809284c0, 0x00000000809b0000)
  to   space 1088K,   0% used [0x00000000809b0000, 0x00000000809b0000, 0x0000000080ac0000)
 tenured generation   total 21888K, used 11233K [0x00000000aaaa0000, 0x00000000ac000000, 0x0000000100000000)
   the space 21888K,  51% used [0x00000000aaaa0000, 0x00000000ab598530, 0x00000000ab598600, 0x00000000ac000000)
 Metaspace       used 24679K, capacity 25372K, committed 25776K, reserved 1073152K
  class space    used 2819K, capacity 3020K, committed 3072K, reserved 1048576K
}
Event: 744.773 GC heap after
{Heap after GC invocations=22 (full 1):
 def new generation   total 9920K, used 462K [0x0000000080000000, 0x0000000080ac0000, 0x00000000aaaa0000)
  eden space 8832K,   0% used [0x0000000080000000, 0x0000000080000000, 0x00000000808a0000)
  from space 1088K,  42% used [0x00000000809b0000, 0x0000000080a23a40, 0x0000000080ac0000)
  to   space 1088K,   0% used [0x00000000808a0000, 0x00000000808a0000, 0x00000000809b0000)
 tenured generation   total 21888K, used 11457K [0x00000000aaaa0000, 0x00000000ac000000, 0x0000000100000000)
   the space 21888K,  52% used [0x00000000aaaa0000, 0x00000000ab5d0418, 0x00000000ab5d0600, 0x00000000ac000000)
 Metaspace       used 24679K, capacity 25372K, committed 25776K, reserved 1073152K
  class space    used 2819K, capacity 3020K, committed 3072K, reserved 1048576K
}

